
  GET /api/v1/getalltask 30.284  [Fri, 23 Sep 2022 17:38:00 GMT 
  DELETE /api/v1/deletetask/undefined 71.145  [Sat, 24 Sep 2022 19:01:13 GMT 
  GET /api/v1//getonetask/632f4cbec66e8bf7e8e1753f 96.110  [Sat, 24 Sep 2022 19:02:08 GMT 
  DELETE /api/v1/deletetask/632f4cbec66e8bf7e8e1753f 157.610  [Sat, 24 Sep 2022 19:02:50 GMT 
  GET /api/v1//getonetask/632f4cbec66e8bf7e8e1753f 109.127  [Sat, 24 Sep 2022 19:03:50 GMT 
  DELETE /api/v1/deletetask/632f4cbec66e8bf7e8e1753f 126.726  [Sat, 24 Sep 2022 19:03:52 GMT 
  GET /api/v1//getonetask/632f4cbec66e8bf7e8e1753f 101.695  [Sat, 24 Sep 2022 19:04:37 GMT 
  GET /api/v1//getonetask/632f4cbec66e8bf7e8e1753f 126.243  [Sat, 24 Sep 2022 19:04:46 GMT 
  GET /api/v1/getalltask 274.426  [Sat, 24 Sep 2022 19:04:52 GMT 
  GET /api/v1/getalltask 166.558  [Sat, 24 Sep 2022 19:04:52 GMT 
  GET /api/v1//getonetask/632f4cbdc66e8bf7e8e1753c 160.470  [Sat, 24 Sep 2022 19:05:05 GMT 
  GET /api/v1//getonetask/632f4cbdc66e8bf7e8e1753c 105.133  [Sat, 24 Sep 2022 19:05:05 GMT 
  DELETE /api/v1/deletetask/632f4cbdc66e8bf7e8e1753c 62.706  [Sat, 24 Sep 2022 19:05:07 GMT 
  GET /api/v1/getalltask 212.666  [Sat, 24 Sep 2022 19:05:14 GMT 
  GET /api/v1/getalltask 141.853  [Sat, 24 Sep 2022 19:05:14 GMT 
  GET /api/v1//getonetask/632f4cbdc66e8bf7e8e1753c 203.226  [Sat, 24 Sep 2022 19:06:00 GMT 
  GET /api/v1//getonetask/632f4cbdc66e8bf7e8e1753c 162.805  [Sat, 24 Sep 2022 19:06:01 GMT 
  DELETE /api/v1/deletetask/632f4cbdc66e8bf7e8e1753c 195.209  [Sat, 24 Sep 2022 19:06:02 GMT 
  GET /api/v1/getalltask 271.571  [Sat, 24 Sep 2022 19:06:02 GMT 
  GET /api/v1/getalltask 200.834  [Sat, 24 Sep 2022 19:06:03 GMT 
  GET /api/v1//getonetask/632f4cc9c66e8bf7e8e1754e 189.147  [Sat, 24 Sep 2022 19:07:28 GMT 
  GET /api/v1//getonetask/632f4cc9c66e8bf7e8e1754e 120.431  [Sat, 24 Sep 2022 19:07:28 GMT 
  DELETE /api/v1/deletetask/632f4cc9c66e8bf7e8e1754e 221.882  [Sat, 24 Sep 2022 19:07:32 GMT 
  GET /api/v1/getalltask 253.215  [Sat, 24 Sep 2022 19:07:32 GMT 
  GET /api/v1/getalltask 180.431  [Sat, 24 Sep 2022 19:07:32 GMT 
  GET /api/v1//getonetask/632f4cc0c66e8bf7e8e17548 180.382  [Sat, 24 Sep 2022 19:08:08 GMT 
  GET /api/v1//getonetask/632f4cc0c66e8bf7e8e17548 112.534  [Sat, 24 Sep 2022 19:08:08 GMT 
  DELETE /api/v1/deletetask/632f4cc0c66e8bf7e8e17548 112.207  [Sat, 24 Sep 2022 19:08:11 GMT 
  GET /api/v1/getalltask 204.271  [Sat, 24 Sep 2022 19:08:16 GMT 
  GET /api/v1/getalltask 149.004  [Sat, 24 Sep 2022 19:08:16 GMT 
  GET /api/v1//getonetask/632f4cbec66e8bf7e8e1753f 145.913  [Sat, 24 Sep 2022 19:08:34 GMT 
  GET /api/v1//getonetask/632f4cbec66e8bf7e8e1753f 104.591  [Sat, 24 Sep 2022 19:08:34 GMT 
  DELETE /api/v1/deletetask/632f4cbec66e8bf7e8e1753f 204.125  [Sat, 24 Sep 2022 19:08:35 GMT 
  GET /api/v1/getalltask 145.842  [Sat, 24 Sep 2022 19:08:35 GMT 
  GET /api/v1/getalltask 152.880  [Sat, 24 Sep 2022 19:08:35 GMT 
  GET /api/v1/getalltask 201.058  [Sat, 24 Sep 2022 19:09:22 GMT 
  GET /api/v1//getonetask/632f4cc0c66e8bf7e8e17545 129.179  [Sat, 24 Sep 2022 19:09:52 GMT 
  GET /api/v1//getonetask/632f4cc0c66e8bf7e8e17545 95.324  [Sat, 24 Sep 2022 19:09:53 GMT 
  GET /api/v1/getalltask 197.803  [Sat, 24 Sep 2022 19:09:54 GMT 
  GET /api/v1/getalltask 147.800  [Sat, 24 Sep 2022 19:09:55 GMT 
  GET /api/v1/logout 2.186  [Sat, 24 Sep 2022 19:09:56 GMT 
  POST /api/v1/login 313.937  [Sat, 24 Sep 2022 19:10:05 GMT 
  GET /api/v1/getalltask 157.206  [Sat, 24 Sep 2022 19:10:05 GMT 
  GET /api/v1/getalltask 155.062  [Sat, 24 Sep 2022 19:10:05 GMT 
  GET /api/v1/logout 0.721  [Sat, 24 Sep 2022 19:10:31 GMT 
  POST /api/v1/login 228.246  [Sat, 24 Sep 2022 19:10:34 GMT 
  POST /api/v1/login 279.079  [Sat, 24 Sep 2022 19:11:57 GMT 
  GET /api/v1/getalltask 234.141  [Sat, 24 Sep 2022 19:11:57 GMT 
  GET /api/v1/getalltask 138.921  [Sat, 24 Sep 2022 19:11:57 GMT 
  GET /api/v1//getonetask/632f4cbcc66e8bf7e8e17536 149.880  [Sat, 24 Sep 2022 19:12:02 GMT 
  GET /api/v1//getonetask/632f4cbcc66e8bf7e8e17536 97.692  [Sat, 24 Sep 2022 19:12:02 GMT 
  GET /api/v1/getalltask 198.232  [Sat, 24 Sep 2022 19:12:04 GMT 
  GET /api/v1/getalltask 124.956  [Sat, 24 Sep 2022 19:12:04 GMT 
  GET /api/v1//getonetask/632f4cc0c66e8bf7e8e17545 176.545  [Sat, 24 Sep 2022 19:12:12 GMT 
  GET /api/v1//getonetask/632f4cc0c66e8bf7e8e17545 92.290  [Sat, 24 Sep 2022 19:12:12 GMT 
  GET /api/v1/getalltask 177.465  [Sat, 24 Sep 2022 19:12:13 GMT 
  GET /api/v1/getalltask 125.853  [Sat, 24 Sep 2022 19:12:13 GMT 
  GET /api/v1//getonetask/632f4cbfc66e8bf7e8e17542 97.020  [Sat, 24 Sep 2022 19:12:14 GMT 
  GET /api/v1//getonetask/632f4cbfc66e8bf7e8e17542 93.789  [Sat, 24 Sep 2022 19:12:14 GMT 
  DELETE /api/v1/deletetask/632f4cbfc66e8bf7e8e17542 190.048  [Sat, 24 Sep 2022 19:12:15 GMT 
  GET /api/v1/getalltask 191.941  [Sat, 24 Sep 2022 19:12:16 GMT 
  GET /api/v1/getalltask 142.546  [Sat, 24 Sep 2022 19:12:16 GMT 
  GET /api/v1//getonetask/632f4cc0c66e8bf7e8e17545 165.513  [Sat, 24 Sep 2022 19:12:19 GMT 
  GET /api/v1//getonetask/632f4cc0c66e8bf7e8e17545 126.986  [Sat, 24 Sep 2022 19:12:19 GMT 
  GET /api/v1/getalltask 244.007  [Sat, 24 Sep 2022 19:12:21 GMT 
  GET /api/v1/getalltask 129.334  [Sat, 24 Sep 2022 19:12:21 GMT 
  GET /api/v1//getonetask/632f4ccac66e8bf7e8e17551 196.884  [Sat, 24 Sep 2022 19:12:21 GMT 
  GET /api/v1//getonetask/632f4ccac66e8bf7e8e17551 96.845  [Sat, 24 Sep 2022 19:12:21 GMT 
  GET /api/v1//getonetask/632f4ccac66e8bf7e8e17551 194.338  [Sat, 24 Sep 2022 19:13:29 GMT 
  PUT /api/v1/updatetask/632f4ccac66e8bf7e8e17551 118.141  [Sat, 24 Sep 2022 19:13:39 GMT 
  POST /api/v1/login 269.807  [Sat, 24 Sep 2022 19:14:44 GMT 
  POST /api/v1/login 300.015  [Sat, 24 Sep 2022 19:15:28 GMT 
  GET /api/v1/getalltask 152.981  [Sat, 24 Sep 2022 19:15:29 GMT 
  GET /api/v1/getalltask 137.677  [Sat, 24 Sep 2022 19:15:29 GMT 
  GET /api/v1//getonetask/632f4cbcc66e8bf7e8e17536 139.862  [Sat, 24 Sep 2022 19:15:40 GMT 
  GET /api/v1//getonetask/632f4cbcc66e8bf7e8e17536 122.615  [Sat, 24 Sep 2022 19:15:40 GMT 
  PUT /api/v1/updatetask/632f4cbcc66e8bf7e8e17536 184.129  [Sat, 24 Sep 2022 19:15:55 GMT 
  GET /api/v1//getonetask/632f4cbcc66e8bf7e8e17536 137.248  [Sat, 24 Sep 2022 19:16:35 GMT 
  GET /api/v1//getonetask/632f4cbcc66e8bf7e8e17536 91.272  [Sat, 24 Sep 2022 19:17:02 GMT 
  PUT /api/v1/updatetask/632f4cbcc66e8bf7e8e17536 103.301  [Sat, 24 Sep 2022 19:17:06 GMT 
  GET /api/v1/getalltask 130.549  [Sat, 24 Sep 2022 19:17:28 GMT 
  GET /api/v1/getalltask 143.444  [Sat, 24 Sep 2022 19:17:28 GMT 
  GET /api/v1//getonetask/632f4ccac66e8bf7e8e17551 103.890  [Sat, 24 Sep 2022 19:17:29 GMT 
  GET /api/v1//getonetask/632f4ccac66e8bf7e8e17551 100.851  [Sat, 24 Sep 2022 19:17:29 GMT 
  PUT /api/v1/updatetask/632f4ccac66e8bf7e8e17551 130.447  [Sat, 24 Sep 2022 19:17:30 GMT 
  GET /api/v1/getalltask 186.211  [Sat, 24 Sep 2022 19:17:59 GMT 
  GET /api/v1/getalltask 133.063  [Sat, 24 Sep 2022 19:17:59 GMT 
  GET /api/v1//getonetask/632f4cb6c66e8bf7e8e17533 137.086  [Sat, 24 Sep 2022 19:18:01 GMT 
  GET /api/v1//getonetask/632f4cb6c66e8bf7e8e17533 86.746  [Sat, 24 Sep 2022 19:18:01 GMT 
  DELETE /api/v1/deletetask/632f4cb6c66e8bf7e8e17533 111.925  [Sat, 24 Sep 2022 19:18:02 GMT 
  GET /api/v1/getalltask 142.996  [Sat, 24 Sep 2022 19:18:02 GMT 
  GET /api/v1/getalltask 126.870  [Sat, 24 Sep 2022 19:18:02 GMT 
  GET /api/v1//getonetask/632f4ccac66e8bf7e8e17551 83.467  [Sat, 24 Sep 2022 19:18:04 GMT 
  GET /api/v1//getonetask/632f4ccac66e8bf7e8e17551 86.290  [Sat, 24 Sep 2022 19:18:04 GMT 
  DELETE /api/v1/deletetask/632f4ccac66e8bf7e8e17551 174.469  [Sat, 24 Sep 2022 19:18:05 GMT 
  GET /api/v1/getalltask 247.598  [Sat, 24 Sep 2022 19:18:06 GMT 
  GET /api/v1/getalltask 142.617  [Sat, 24 Sep 2022 19:18:06 GMT 
  GET /api/v1//getonetask/632f4cbcc66e8bf7e8e17536 187.809  [Sat, 24 Sep 2022 19:18:48 GMT 
  GET /api/v1//getonetask/632f4cbcc66e8bf7e8e17536 119.395  [Sat, 24 Sep 2022 19:18:48 GMT 
  GET /api/v1/getalltask 157.305  [Sat, 24 Sep 2022 19:18:50 GMT 
  GET /api/v1/getalltask 155.920  [Sat, 24 Sep 2022 19:18:50 GMT 
  GET /api/v1//getonetask/632f4cbcc66e8bf7e8e17536 106.720  [Sat, 24 Sep 2022 19:18:51 GMT 
  GET /api/v1//getonetask/632f4cbcc66e8bf7e8e17536 100.333  [Sat, 24 Sep 2022 19:18:51 GMT 
  DELETE /api/v1/deletetask/632f4cbcc66e8bf7e8e17536 149.921  [Sat, 24 Sep 2022 19:18:53 GMT 
  GET /api/v1/getalltask 173.795  [Sat, 24 Sep 2022 19:18:54 GMT 
  GET /api/v1/getalltask 141.741  [Sat, 24 Sep 2022 19:18:54 GMT 
  GET /api/v1//getonetask/632f4cbdc66e8bf7e8e17539 121.230  [Sat, 24 Sep 2022 19:18:55 GMT 
  GET /api/v1//getonetask/632f4cbdc66e8bf7e8e17539 91.819  [Sat, 24 Sep 2022 19:18:55 GMT 
  DELETE /api/v1/deletetask/632f4cbdc66e8bf7e8e17539 144.627  [Sat, 24 Sep 2022 19:18:56 GMT 
  GET /api/v1/getalltask 217.882  [Sat, 24 Sep 2022 19:18:56 GMT 
  GET /api/v1/getalltask 134.951  [Sat, 24 Sep 2022 19:18:56 GMT 
  GET /api/v1//getonetask/632f4cc0c66e8bf7e8e17545 154.236  [Sat, 24 Sep 2022 19:18:56 GMT 
  GET /api/v1//getonetask/632f4cc0c66e8bf7e8e17545 94.662  [Sat, 24 Sep 2022 19:18:57 GMT 
  DELETE /api/v1/deletetask/632f4cc0c66e8bf7e8e17545 201.957  [Sat, 24 Sep 2022 19:18:57 GMT 
  GET /api/v1/getalltask 175.574  [Sat, 24 Sep 2022 19:18:58 GMT 
  GET /api/v1/getalltask 137.644  [Sat, 24 Sep 2022 19:18:58 GMT 
  GET /api/v1/logout 2.026  [Sat, 24 Sep 2022 19:19:00 GMT 
  POST /api/v1/login 267.017  [Sat, 24 Sep 2022 19:19:05 GMT 
  POST /api/v1/login 262.557  [Sat, 24 Sep 2022 19:20:12 GMT 
  GET /api/v1/getalltask 175.831  [Sat, 24 Sep 2022 19:20:13 GMT 
  GET /api/v1/getalltask 120.009  [Sat, 24 Sep 2022 19:20:13 GMT 
  GET /api/v1/logout 0.597  [Sat, 24 Sep 2022 19:20:19 GMT 
  POST /api/v1/login 235.733  [Sat, 24 Sep 2022 19:20:23 GMT 
  GET /api/v1/logout 0.879  [Sat, 24 Sep 2022 19:20:52 GMT 
  POST /api/v1/login 267.491  [Sat, 24 Sep 2022 19:20:56 GMT 
  POST /api/v1/login 286.131  [Sat, 24 Sep 2022 19:21:54 GMT 
  GET /api/v1/getalltask 202.793  [Sat, 24 Sep 2022 19:21:54 GMT 
  GET /api/v1/getalltask 147.637  [Sat, 24 Sep 2022 19:21:54 GMT 
  GET /api/v1/logout 0.996  [Sat, 24 Sep 2022 19:21:56 GMT 
  POST /api/v1/login 288.943  [Sat, 24 Sep 2022 19:22:00 GMT 
  POST /api/v1/login 303.367  [Sat, 24 Sep 2022 19:22:34 GMT 
  POST /api/v1/login 186.413  [Sat, 24 Sep 2022 19:22:54 GMT 
  GET /api/v1/getalltask 138.710  [Sat, 24 Sep 2022 19:22:54 GMT 
  GET /api/v1/getalltask 154.460  [Sat, 24 Sep 2022 19:22:54 GMT 
  GET /api/v1/logout 2.268  [Sat, 24 Sep 2022 19:22:57 GMT 
  POST /api/v1/login 186.605  [Sat, 24 Sep 2022 19:23:00 GMT 
  POST /api/v1/login 217.595  [Sat, 24 Sep 2022 19:23:04 GMT 
  GET /api/v1/getalltask 129.033  [Sat, 24 Sep 2022 19:23:04 GMT 
  GET /api/v1/getalltask 139.941  [Sat, 24 Sep 2022 19:23:04 GMT 
  GET /api/v1/logout 0.996  [Sat, 24 Sep 2022 19:25:40 GMT 
  POST /api/v1/login 270.590  [Sat, 24 Sep 2022 19:25:47 GMT 
  POST /api/v1/login 306.169  [Sat, 24 Sep 2022 19:26:28 GMT 
  POST /api/v1/login 275.302  [Sat, 24 Sep 2022 19:26:34 GMT 
  GET /api/v1/getalltask 258.803  [Sat, 24 Sep 2022 19:26:35 GMT 
  GET /api/v1/getalltask 147.685  [Sat, 24 Sep 2022 19:26:35 GMT 
  GET /api/v1//getonetask/632f0f02f0a34ec4560d67e7 176.135  [Sat, 24 Sep 2022 19:26:45 GMT 
  GET /api/v1//getonetask/632f0f02f0a34ec4560d67e7 103.425  [Sat, 24 Sep 2022 19:26:45 GMT 
  GET /api/v1/getalltask 213.857  [Sat, 24 Sep 2022 19:26:50 GMT 
  GET /api/v1/getalltask 167.549  [Sat, 24 Sep 2022 19:26:50 GMT 
  GET /api/v1/logout 65.652  [Sat, 24 Sep 2022 20:56:17 GMT 
  POST /api/v1/login 358.102  [Sat, 24 Sep 2022 20:56:20 GMT 
  GET /api/v1/getalltask 308.939  [Sat, 24 Sep 2022 20:56:21 GMT 
  GET /api/v1/getalltask 158.125  [Sat, 24 Sep 2022 20:56:21 GMT 
  GET /api/v1/logout 1.267  [Sat, 24 Sep 2022 20:57:43 GMT 
  POST /api/v1/login 237.111  [Sat, 24 Sep 2022 20:57:46 GMT 
  GET /api/v1/getalltask 166.166  [Sat, 24 Sep 2022 20:57:47 GMT 
  GET /api/v1/getalltask 176.709  [Sat, 24 Sep 2022 20:57:47 GMT 
  GET /api/v1/logout 0.985  [Sat, 24 Sep 2022 20:58:12 GMT 
  POST /api/v1/login 223.915  [Sat, 24 Sep 2022 20:58:18 GMT 
  GET /api/v1/getalltask 168.762  [Sat, 24 Sep 2022 20:58:18 GMT 
  GET /api/v1/getalltask 154.734  [Sat, 24 Sep 2022 20:58:19 GMT 
  GET /api/v1/getalltask 826.824  [Sun, 25 Sep 2022 07:11:24 GMT 
  GET /favicon.ico 22.044  [Sun, 25 Sep 2022 07:11:25 GMT 
  GET /api/v1 52.616  [Sun, 25 Sep 2022 08:49:23 GMT 
  GET / 56.502  [Sun, 25 Sep 2022 08:49:36 GMT 
  GET /api/v1 7.356  [Sun, 25 Sep 2022 08:49:45 GMT 
  POST /api/v1/login 295.635  [Sun, 25 Sep 2022 08:52:14 GMT 
  GET /api/v1/getalltask 170.659  [Sun, 25 Sep 2022 08:52:14 GMT 
  GET /api/v1/getalltask 144.856  [Sun, 25 Sep 2022 08:52:15 GMT 
